<?xml version="1.0" encoding="UTF-8"?>
<!-- Generated by org.testng.reporters.JUnitReportReporter -->
<testsuite skipped="0" hostname="MININT-EUM7PT4" name="com.TestNG.Expected_Exception" tests="1" failures="0" timestamp="2021-04-16T20:18:05 IST" time="0.007" errors="0">
  <testcase name="zeroError" time="0.007" classname="com.TestNG.Expected_Exception"/>
  <system-out/>
</testsuite> <!-- com.TestNG.Expected_Exception -->
