<?xml version="1.0" encoding="UTF-8"?>
<!-- Generated by org.testng.reporters.JUnitReportReporter -->
<testsuite skipped="0" hostname="MININT-EUM7PT4" name="com.TestNG.Dependency_Test" tests="3" failures="0" timestamp="2021-04-08T11:57:05 IST" time="0.011" errors="0">
  <testcase name="mobile" time="0.001" classname="com.TestNG.Dependency_Test"/>
  <system-out/>
  <testcase name="offer" time="0.001" classname="com.TestNG.Dependency_Test"/>
  <system-out/>
  <testcase name="laptop" time="0.009" classname="com.TestNG.Dependency_Test"/>
  <system-out/>
</testsuite> <!-- com.TestNG.Dependency_Test -->
