<?xml version="1.0" encoding="UTF-8"?>
<!-- Generated by org.testng.reporters.JUnitReportReporter -->
<testsuite skipped="0" hostname="MININT-EUM7PT4" name="com.TestNG.Priority_Test" tests="4" failures="0" timestamp="2021-04-08T11:57:49 IST" time="0.011" errors="0">
  <testcase name="laptopSearch" time="0.007" classname="com.TestNG.Priority_Test"/>
  <system-out/>
  <testcase name="earphoneSearch" time="0.002" classname="com.TestNG.Priority_Test"/>
  <system-out/>
  <testcase name="mobileSearch" time="0.001" classname="com.TestNG.Priority_Test"/>
  <system-out/>
  <testcase name="bookSearch" time="0.001" classname="com.TestNG.Priority_Test"/>
  <system-out/>
</testsuite> <!-- com.TestNG.Priority_Test -->
