<?xml version="1.0" encoding="UTF-8"?>
<!-- Generated by org.testng.reporters.JUnitReportReporter -->
<testsuite skipped="0" hostname="MININT-EUM7PT4" name="com.TestNG.Timeout_Test" tests="1" failures="0" timestamp="2021-04-09T12:17:47 IST" time="1.027" errors="0">
  <testcase name="navigateToPage" time="1.027" classname="com.TestNG.Timeout_Test"/>
  <system-out/>
</testsuite> <!-- com.TestNG.Timeout_Test -->
