<?xml version="1.0" encoding="UTF-8"?>
<!-- Generated by org.testng.reporters.JUnitReportReporter -->
<testsuite skipped="2" hostname="MININT-EUM7PT4" name="com.TestNG.Ignore_Concept" tests="3" failures="0" timestamp="2021-04-08T11:15:54 IST" time="0.010" errors="0">
  <testcase name="laptopSearch" time="0.010" classname="com.TestNG.Ignore_Concept"/>
  <system-out/>
  <testcase name="bookSearch" classname="com.TestNG.Ignore_Concept">
    <skipped/>
  </testcase> <!-- bookSearch -->
  <system-out/>
  <testcase name="earphoneSearch" classname="com.TestNG.Ignore_Concept">
    <skipped/>
  </testcase> <!-- earphoneSearch -->
  <system-out/>
</testsuite> <!-- com.TestNG.Ignore_Concept -->
