<?xml version="1.0" encoding="UTF-8"?>
<!-- Generated by org.testng.reporters.JUnitReportReporter -->
<testsuite skipped="0" hostname="MININT-EUM7PT4" name="com.TestNG.Invocation_Count" tests="5" failures="0" timestamp="2021-04-08T11:57:27 IST" time="0.018" errors="0">
  <testcase name="refresh" time="0.003" classname="com.TestNG.Invocation_Count"/>
  <system-out/>
  <testcase name="refresh" time="0.001" classname="com.TestNG.Invocation_Count"/>
  <system-out/>
  <testcase name="url" time="0.001" classname="com.TestNG.Invocation_Count"/>
  <system-out/>
  <testcase name="browserLaunch" time="0.011" classname="com.TestNG.Invocation_Count"/>
  <system-out/>
  <testcase name="refresh" time="0.002" classname="com.TestNG.Invocation_Count"/>
  <system-out/>
</testsuite> <!-- com.TestNG.Invocation_Count -->
