<?xml version="1.0" encoding="UTF-8"?>
<!-- Generated by org.testng.reporters.JUnitReportReporter -->
<testsuite skipped="0" hostname="MININT-EUM7PT4" name="com.TestNG.Simple_Annotations" tests="3" failures="0" timestamp="2021-04-07T11:29:23 IST" time="0.006" errors="0">
  <testcase name="laptopSearch" time="0.000" classname="com.TestNG.Simple_Annotations"/>
  <system-out/>
  <testcase name="EarphoneSearch" time="0.000" classname="com.TestNG.Simple_Annotations"/>
  <system-out/>
  <testcase name="mobileSearch" time="0.006" classname="com.TestNG.Simple_Annotations"/>
  <system-out/>
</testsuite> <!-- com.TestNG.Simple_Annotations -->
