<?xml version="1.0" encoding="UTF-8"?>
<!-- Generated by org.testng.reporters.JUnitReportReporter -->
<testsuite skipped="0" hostname="MININT-EUM7PT4" name="com.TestNG.Grouping_Test" tests="2" failures="0" timestamp="2021-04-09T12:22:38 IST" time="0.020" errors="0">
  <testcase name="laptopSearch" time="0.010" classname="com.TestNG.Grouping_Test"/>
  <system-out/>
  <testcase name="mobileSearch" time="0.010" classname="com.TestNG.Grouping_Test"/>
  <system-out/>
</testsuite> <!-- com.TestNG.Grouping_Test -->
