<?xml version="1.0" encoding="UTF-8"?>
<!-- Generated by org.testng.reporters.JUnitReportReporter -->
<testsuite skipped="0" hostname="MININT-EUM7PT4" name="com.TestNG.Parameterized_Concept" tests="5" failures="0" timestamp="2021-04-10T13:50:15 IST" time="0.014" errors="0">
  <testcase name="credentials_Data" time="0.001" classname="com.TestNG.Parameterized_Concept"/>
  <system-out/>
  <testcase name="credentials" time="0.009" classname="com.TestNG.Parameterized_Concept"/>
  <system-out/>
  <testcase name="credentials_Data" time="0.001" classname="com.TestNG.Parameterized_Concept"/>
  <system-out/>
  <testcase name="credentials_Op" time="0.002" classname="com.TestNG.Parameterized_Concept"/>
  <system-out/>
  <testcase name="credentials_Data" time="0.001" classname="com.TestNG.Parameterized_Concept"/>
  <system-out/>
</testsuite> <!-- com.TestNG.Parameterized_Concept -->
